<?xml version="1.0" encoding="UTF-8"?>
<!-- Generated by org.testng.reporters.JUnitReportReporter -->
<testsuite name="learnautomation.testcases.LoginTestCRM" tests="2" time="12.533" ignored="0" failures="0" timestamp="28 Apr 2021 12:34:42 GMT" skipped="0" hostname="LAPTOP-R87L3L5C" errors="0">
  <testcase name="loginApp1" time="3.069" classname="learnautomation.testcases.LoginTestCRM"/>
  <testcase name="loginApp" time="9.464" classname="learnautomation.testcases.LoginTestCRM"/>
</testsuite> <!-- learnautomation.testcases.LoginTestCRM -->
